{"name": "test_Valid_Product_Add_to_Cart_from_phone_categories", "status": "broken", "statusDetails": {"message": "selenium.common.exceptions.StaleElementReferenceException: Message: stale element reference: element is not attached to the page document\n  (Session info: chrome=109.0.5414.120)\nStacktrace:\nBacktrace:\n\t(No symbol) [0x00476643]\n\t(No symbol) [0x0040BE21]\n\t(No symbol) [0x0030DA9D]\n\t(No symbol) [0x003109E4]\n\t(No symbol) [0x003108AD]\n\t(No symbol) [0x00310B30]\n\t(No symbol) [0x00349052]\n\t(No symbol) [0x003464E8]\n\t(No symbol) [0x00343E0B]\n\t(No symbol) [0x00342548]\n\t(No symbol) [0x00336B13]\n\t(No symbol) [0x0035FD7C]\n\t(No symbol) [0x0033641F]\n\t(No symbol) [0x003600D4]\n\t(No symbol) [0x00376B09]\n\t(No symbol) [0x0035FB76]\n\t(No symbol) [0x003349C1]\n\t(No symbol) [0x00335E5D]\n\tGetHandleVerifier [0x006EA142+2497106]\n\tGetHandleVerifier [0x007185D3+2686691]\n\tGetHandleVerifier [0x0071BB9C+2700460]\n\tGetHandleVerifier [0x00523B10+635936]\n\t(No symbol) [0x00414A1F]\n\t(No symbol) [0x0041A418]\n\t(No symbol) [0x0041A505]\n\t(No symbol) [0x0042508B]\n\tBaseThreadInitThunk [0x76A800F9+25]\n\tRtlGetAppContainerNamedObjectPath [0x77407BBE+286]\n\tRtlGetAppContainerNamedObjectPath [0x77407B8E+238]", "trace": "self = <Web.Tests.test_home.Test_home object at 0x000001721190CE80>\n\n    @allure.description('Add Product to cart from Phone catagory to cart')\n    @pytest.mark.sanity\n    @allure.severity(allure.severity_level.CRITICAL)\n    def test_Valid_Product_Add_to_Cart_from_phone_categories(self):\n        driver = self.driver\n        home = Home_Page(driver)\n        home.open_Main_page()\n        home.click_Home_icon()\n        home.click_phone_category_icon()\n        Utils(driver).assertion(home.current_title, self.driver.title)\n>       home.click_on_S6_phone()\n\ntest_home.py:118: \n_ _ _ _ _ _ _ _ _ _ _ _ _ _ _ _ _ _ _ _ _ _ _ _ _ _ _ _ _ _ _ _ _ _ _ _ _ _ _ _ _ _ _ _ _ _ _ _ _ _ _ _ _ _ _ _ _ _ _ _ _ _ _ _ _ _ _ _ _ _ _ _ _ _ _ _ _ _ _ _ _ _ _ _ _ _ _ _ _ _ _ _\n..\\Pages\\home_page.py:136: in click_on_S6_phone\n    self.driver.find_element(By.XPATH, self.S6_link).click()\n..\\..\\venv\\lib\\site-packages\\selenium\\webdriver\\remote\\webelement.py:93: in click\n    self._execute(Command.CLICK_ELEMENT)\n..\\..\\venv\\lib\\site-packages\\selenium\\webdriver\\remote\\webelement.py:403: in _execute\n    return self._parent.execute(command, params)\n..\\..\\venv\\lib\\site-packages\\selenium\\webdriver\\remote\\webdriver.py:440: in execute\n    self.error_handler.check_response(response)\n_ _ _ _ _ _ _ _ _ _ _ _ _ _ _ _ _ _ _ _ _ _ _ _ _ _ _ _ _ _ _ _ _ _ _ _ _ _ _ _ _ _ _ _ _ _ _ _ _ _ _ _ _ _ _ _ _ _ _ _ _ _ _ _ _ _ _ _ _ _ _ _ _ _ _ _ _ _ _ _ _ _ _ _ _ _ _ _ _ _ _ _\n\nself = <selenium.webdriver.remote.errorhandler.ErrorHandler object at 0x000001721227DBD0>\nresponse = {'status': 404, 'value': '{\"value\":{\"error\":\"stale element reference\",\"message\":\"stale element reference: element is n...\\n\\\\tRtlGetAppContainerNamedObjectPath [0x77407BBE+286]\\\\n\\\\tRtlGetAppContainerNamedObjectPath [0x77407B8E+238]\\\\n\"}}'}\n\n    def check_response(self, response: Dict[str, Any]) -> None:\n        \"\"\"Checks that a JSON response from the WebDriver does not have an\n        error.\n    \n        :Args:\n         - response - The JSON response from the WebDriver server as a dictionary\n           object.\n    \n        :Raises: If the response contains an error message.\n        \"\"\"\n        status = response.get(\"status\", None)\n        if not status or status == ErrorCode.SUCCESS:\n            return\n        value = None\n        message = response.get(\"message\", \"\")\n        screen: str = response.get(\"screen\", \"\")\n        stacktrace = None\n        if isinstance(status, int):\n            value_json = response.get(\"value\", None)\n            if value_json and isinstance(value_json, str):\n                import json\n    \n                try:\n                    value = json.loads(value_json)\n                    if len(value.keys()) == 1:\n                        value = value[\"value\"]\n                    status = value.get(\"error\", None)\n                    if not status:\n                        status = value.get(\"status\", ErrorCode.UNKNOWN_ERROR)\n                        message = value.get(\"value\") or value.get(\"message\")\n                        if not isinstance(message, str):\n                            value = message\n                            message = message.get(\"message\")\n                    else:\n                        message = value.get(\"message\", None)\n                except ValueError:\n                    pass\n    \n        exception_class: Type[WebDriverException]\n        if status in ErrorCode.NO_SUCH_ELEMENT:\n            exception_class = NoSuchElementException\n        elif status in ErrorCode.NO_SUCH_FRAME:\n            exception_class = NoSuchFrameException\n        elif status in ErrorCode.NO_SUCH_SHADOW_ROOT:\n            exception_class = NoSuchShadowRootException\n        elif status in ErrorCode.NO_SUCH_WINDOW:\n            exception_class = NoSuchWindowException\n        elif status in ErrorCode.STALE_ELEMENT_REFERENCE:\n            exception_class = StaleElementReferenceException\n        elif status in ErrorCode.ELEMENT_NOT_VISIBLE:\n            exception_class = ElementNotVisibleException\n        elif status in ErrorCode.INVALID_ELEMENT_STATE:\n            exception_class = InvalidElementStateException\n        elif (\n            status in ErrorCode.INVALID_SELECTOR\n            or status in ErrorCode.INVALID_XPATH_SELECTOR\n            or status in ErrorCode.INVALID_XPATH_SELECTOR_RETURN_TYPER\n        ):\n            exception_class = InvalidSelectorException\n        elif status in ErrorCode.ELEMENT_IS_NOT_SELECTABLE:\n            exception_class = ElementNotSelectableException\n        elif status in ErrorCode.ELEMENT_NOT_INTERACTABLE:\n            exception_class = ElementNotInteractableException\n        elif status in ErrorCode.INVALID_COOKIE_DOMAIN:\n            exception_class = InvalidCookieDomainException\n        elif status in ErrorCode.UNABLE_TO_SET_COOKIE:\n            exception_class = UnableToSetCookieException\n        elif status in ErrorCode.TIMEOUT:\n            exception_class = TimeoutException\n        elif status in ErrorCode.SCRIPT_TIMEOUT:\n            exception_class = TimeoutException\n        elif status in ErrorCode.UNKNOWN_ERROR:\n            exception_class = WebDriverException\n        elif status in ErrorCode.UNEXPECTED_ALERT_OPEN:\n            exception_class = UnexpectedAlertPresentException\n        elif status in ErrorCode.NO_ALERT_OPEN:\n            exception_class = NoAlertPresentException\n        elif status in ErrorCode.IME_NOT_AVAILABLE:\n            exception_class = ImeNotAvailableException\n        elif status in ErrorCode.IME_ENGINE_ACTIVATION_FAILED:\n            exception_class = ImeActivationFailedException\n        elif status in ErrorCode.MOVE_TARGET_OUT_OF_BOUNDS:\n            exception_class = MoveTargetOutOfBoundsException\n        elif status in ErrorCode.JAVASCRIPT_ERROR:\n            exception_class = JavascriptException\n        elif status in ErrorCode.SESSION_NOT_CREATED:\n            exception_class = SessionNotCreatedException\n        elif status in ErrorCode.INVALID_ARGUMENT:\n            exception_class = InvalidArgumentException\n        elif status in ErrorCode.NO_SUCH_COOKIE:\n            exception_class = NoSuchCookieException\n        elif status in ErrorCode.UNABLE_TO_CAPTURE_SCREEN:\n            exception_class = ScreenshotException\n        elif status in ErrorCode.ELEMENT_CLICK_INTERCEPTED:\n            exception_class = ElementClickInterceptedException\n        elif status in ErrorCode.INSECURE_CERTIFICATE:\n            exception_class = InsecureCertificateException\n        elif status in ErrorCode.INVALID_COORDINATES:\n            exception_class = InvalidCoordinatesException\n        elif status in ErrorCode.INVALID_SESSION_ID:\n            exception_class = InvalidSessionIdException\n        elif status in ErrorCode.UNKNOWN_METHOD:\n            exception_class = UnknownMethodException\n        else:\n            exception_class = WebDriverException\n        if not value:\n            value = response[\"value\"]\n        if isinstance(value, str):\n            raise exception_class(value)\n        if message == \"\" and \"message\" in value:\n            message = value[\"message\"]\n    \n        screen = None  # type: ignore[assignment]\n        if \"screen\" in value:\n            screen = value[\"screen\"]\n    \n        stacktrace = None\n        st_value = value.get(\"stackTrace\") or value.get(\"stacktrace\")\n        if st_value:\n            if isinstance(st_value, str):\n                stacktrace = st_value.split(\"\\n\")\n            else:\n                stacktrace = []\n                try:\n                    for frame in st_value:\n                        line = frame.get(\"lineNumber\", \"\")\n                        file = frame.get(\"fileName\", \"<anonymous>\")\n                        if line:\n                            file = f\"{file}:{line}\"\n                        meth = frame.get(\"methodName\", \"<anonymous>\")\n                        if \"className\" in frame:\n                            meth = f\"{frame['className']}.{meth}\"\n                        msg = \"    at %s (%s)\"\n                        msg = msg % (meth, file)\n                        stacktrace.append(msg)\n                except TypeError:\n                    pass\n        if exception_class == UnexpectedAlertPresentException:\n            alert_text = None\n            if \"data\" in value:\n                alert_text = value[\"data\"].get(\"text\")\n            elif \"alert\" in value:\n                alert_text = value[\"alert\"].get(\"text\")\n            raise exception_class(message, screen, stacktrace, alert_text)  # type: ignore[call-arg]  # mypy is not smart enough here\n>       raise exception_class(message, screen, stacktrace)\nE       selenium.common.exceptions.StaleElementReferenceException: Message: stale element reference: element is not attached to the page document\nE         (Session info: chrome=109.0.5414.120)\nE       Stacktrace:\nE       Backtrace:\nE       \t(No symbol) [0x00476643]\nE       \t(No symbol) [0x0040BE21]\nE       \t(No symbol) [0x0030DA9D]\nE       \t(No symbol) [0x003109E4]\nE       \t(No symbol) [0x003108AD]\nE       \t(No symbol) [0x00310B30]\nE       \t(No symbol) [0x00349052]\nE       \t(No symbol) [0x003464E8]\nE       \t(No symbol) [0x00343E0B]\nE       \t(No symbol) [0x00342548]\nE       \t(No symbol) [0x00336B13]\nE       \t(No symbol) [0x0035FD7C]\nE       \t(No symbol) [0x0033641F]\nE       \t(No symbol) [0x003600D4]\nE       \t(No symbol) [0x00376B09]\nE       \t(No symbol) [0x0035FB76]\nE       \t(No symbol) [0x003349C1]\nE       \t(No symbol) [0x00335E5D]\nE       \tGetHandleVerifier [0x006EA142+2497106]\nE       \tGetHandleVerifier [0x007185D3+2686691]\nE       \tGetHandleVerifier [0x0071BB9C+2700460]\nE       \tGetHandleVerifier [0x00523B10+635936]\nE       \t(No symbol) [0x00414A1F]\nE       \t(No symbol) [0x0041A418]\nE       \t(No symbol) [0x0041A505]\nE       \t(No symbol) [0x0042508B]\nE       \tBaseThreadInitThunk [0x76A800F9+25]\nE       \tRtlGetAppContainerNamedObjectPath [0x77407BBE+286]\nE       \tRtlGetAppContainerNamedObjectPath [0x77407B8E+238]\n\n..\\..\\venv\\lib\\site-packages\\selenium\\webdriver\\remote\\errorhandler.py:245: StaleElementReferenceException"}, "description": "Add Product to cart from Phone catagory to cart", "steps": [{"name": "open_Main_page", "status": "passed", "start": 1675219960170, "stop": 1675219960170}, {"name": "click_Home_icon", "status": "passed", "steps": [{"name": "assertion", "status": "passed", "parameters": [{"name": "expected", "value": "'https://www.demoblaze.com/index.html'"}, {"name": "actual", "value": "'https://www.demoblaze.com/index.html'"}], "start": 1675219960489, "stop": 1675219960489}], "start": 1675219960170, "stop": 1675219960489}, {"name": "click_phone_category_icon", "status": "passed", "start": 1675219960489, "stop": 1675219960531}, {"name": "assertion", "status": "passed", "parameters": [{"name": "expected", "value": "'STORE'"}, {"name": "actual", "value": "'STORE'"}], "start": 1675219960534, "stop": 1675219960534}, {"name": "click_on_S6_phone", "status": "broken", "statusDetails": {"message": "selenium.common.exceptions.StaleElementReferenceException: Message: stale element reference: element is not attached to the page document\n  (Session info: chrome=109.0.5414.120)\nStacktrace:\nBacktrace:\n\t(No symbol) [0x00476643]\n\t(No symbol) [0x0040BE21]\n\t(No symbol) [0x0030DA9D]\n\t(No symbol) [0x003109E4]\n\t(No symbol) [0x003108AD]\n\t(No symbol) [0x00310B30]\n\t(No symbol) [0x00349052]\n\t(No symbol) [0x003464E8]\n\t(No symbol) [0x00343E0B]\n\t(No symbol) [0x00342548]\n\t(No symbol) [0x00336B13]\n\t(No symbol) [0x0035FD7C]\n\t(No symbol) [0x0033641F]\n\t(No symbol) [0x003600D4]\n\t(No symbol) [0x00376B09]\n\t(No symbol) [0x0035FB76]\n\t(No symbol) [0x003349C1]\n\t(No symbol) [0x00335E5D]\n\tGetHandleVerifier [0x006EA142+2497106]\n\tGetHandleVerifier [0x007185D3+2686691]\n\tGetHandleVerifier [0x0071BB9C+2700460]\n\tGetHandleVerifier [0x00523B10+635936]\n\t(No symbol) [0x00414A1F]\n\t(No symbol) [0x0041A418]\n\t(No symbol) [0x0041A505]\n\t(No symbol) [0x0042508B]\n\tBaseThreadInitThunk [0x76A800F9+25]\n\tRtlGetAppContainerNamedObjectPath [0x77407BBE+286]\n\tRtlGetAppContainerNamedObjectPath [0x77407B8E+238]\n\n", "trace": "  File \"C:\\Users\\user\\QA_Automation\\2023_Final_Project\\venv\\lib\\site-packages\\allure_commons\\_allure.py\", line 192, in impl\n    return func(*a, **kw)\n  File \"C:\\Users\\user\\QA_Automation\\2023_Final_Project\\Web\\Pages\\home_page.py\", line 136, in click_on_S6_phone\n    self.driver.find_element(By.XPATH, self.S6_link).click()\n  File \"C:\\Users\\user\\QA_Automation\\2023_Final_Project\\venv\\lib\\site-packages\\selenium\\webdriver\\remote\\webelement.py\", line 93, in click\n    self._execute(Command.CLICK_ELEMENT)\n  File \"C:\\Users\\user\\QA_Automation\\2023_Final_Project\\venv\\lib\\site-packages\\selenium\\webdriver\\remote\\webelement.py\", line 403, in _execute\n    return self._parent.execute(command, params)\n  File \"C:\\Users\\user\\QA_Automation\\2023_Final_Project\\venv\\lib\\site-packages\\selenium\\webdriver\\remote\\webdriver.py\", line 440, in execute\n    self.error_handler.check_response(response)\n  File \"C:\\Users\\user\\QA_Automation\\2023_Final_Project\\venv\\lib\\site-packages\\selenium\\webdriver\\remote\\errorhandler.py\", line 245, in check_response\n    raise exception_class(message, screen, stacktrace)\n"}, "start": 1675219960534, "stop": 1675219960940}], "attachments": [{"name": "stdout", "source": "7a831e98-f7f9-4622-b56b-eb88631723b5-attachment.txt", "type": "text/plain"}], "start": 1675219960170, "stop": 1675219960941, "uuid": "634b9b38-f6d1-4bdc-92bf-24156ba55669", "historyId": "79011535c4315a2abb7190d71ae0079f", "testCaseId": "1918387eee54c0aa7178e688615d7398", "fullName": "test_home.Test_home#test_Valid_Product_Add_to_Cart_from_phone_categories", "labels": [{"name": "severity", "value": "critical"}, {"name": "tag", "value": "sanity"}, {"name": "suite", "value": "test_home"}, {"name": "subSuite", "value": "Test_home"}, {"name": "host", "value": "LAPTOP-42FB6NAB"}, {"name": "thread", "value": "25976-MainThread"}, {"name": "framework", "value": "pytest"}, {"name": "language", "value": "cpython3"}, {"name": "package", "value": "test_home"}]}